<?xml version="1.0" encoding="UTF-8"?>
<!-- Generated by org.testng.reporters.JUnitReportReporter -->
<testsuite skipped="0" hostname="DESKTOP-H2Q1PN9" name="com.framework.testCases.ValidateDisplay" tests="1" failures="0" timestamp="2020-08-30T16:31:26 IST" time="18.062" errors="0">
  <testcase name="displayText" time="18.062" classname="com.framework.testCases.ValidateDisplay"/>
  <system-out/>
</testsuite> <!-- com.framework.testCases.ValidateDisplay -->
